[debug] [2021-07-04T09:30:54.498Z] ----------------------------------------------------------------------
[debug] [2021-07-04T09:30:54.501Z] Command:       /Users/Apple/.nvm/versions/node/v14.16.0/bin/node /Users/Apple/.nvm/versions/node/v14.16.0/bin/firebase serve
[debug] [2021-07-04T09:30:54.501Z] CLI Version:   9.14.0
[debug] [2021-07-04T09:30:54.502Z] Platform:      darwin
[debug] [2021-07-04T09:30:54.502Z] Node Version:  v14.16.0
[debug] [2021-07-04T09:30:54.504Z] Time:          Sun Jul 04 2021 16:30:54 GMT+0700 (Indochina Time)
[debug] [2021-07-04T09:30:54.504Z] ----------------------------------------------------------------------
[debug] 
[debug] [2021-07-04T09:30:54.515Z] > command requires scopes: ["email","openid","https://www.googleapis.com/auth/cloudplatformprojects.readonly","https://www.googleapis.com/auth/firebase","https://www.googleapis.com/auth/cloud-platform"]
[debug] [2021-07-04T09:30:54.515Z] > authorizing via signed-in user (luktarntree@gmail.com)
[debug] [2021-07-04T09:30:54.515Z] [iam] checking project supitcha-portfolio for permissions ["firebase.projects.get"]
[debug] [2021-07-04T09:30:54.517Z] >>> HTTP REQUEST POST https://cloudresourcemanager.googleapis.com/v1/projects/supitcha-portfolio:testIamPermissions  
 {"permissions":["firebase.projects.get"]}
[debug] [2021-07-04T09:30:55.825Z] <<< HTTP RESPONSE 200 {"content-type":"application/json; charset=UTF-8","vary":"X-Origin, Referer, Origin,Accept-Encoding","date":"Sun, 04 Jul 2021 09:30:55 GMT","server":"ESF","cache-control":"private","x-xss-protection":"0","x-frame-options":"SAMEORIGIN","x-content-type-options":"nosniff","server-timing":"gfet4t7; dur=1031","alt-svc":"h3=\":443\"; ma=2592000,h3-29=\":443\"; ma=2592000,h3-T051=\":443\"; ma=2592000,h3-Q050=\":443\"; ma=2592000,h3-Q046=\":443\"; ma=2592000,h3-Q043=\":443\"; ma=2592000,quic=\":443\"; ma=2592000; v=\"46,43\"","accept-ranges":"none","transfer-encoding":"chunked"}
[debug] [2021-07-04T09:30:55.828Z] > refreshing access token with scopes: []
[debug] [2021-07-04T09:30:55.828Z] >>> HTTP REQUEST POST https://www.googleapis.com/oauth2/v3/token  
 <request body omitted>
[debug] [2021-07-04T09:30:56.322Z] <<< HTTP RESPONSE 200 {"pragma":"no-cache","cache-control":"no-cache, no-store, max-age=0, must-revalidate","expires":"Mon, 01 Jan 1990 00:00:00 GMT","date":"Sun, 04 Jul 2021 09:30:56 GMT","content-type":"application/json; charset=utf-8","vary":"X-Origin, Referer, Origin,Accept-Encoding","server":"scaffolding on HTTPServer2","x-xss-protection":"0","x-frame-options":"SAMEORIGIN","x-content-type-options":"nosniff","alt-svc":"h3=\":443\"; ma=2592000,h3-29=\":443\"; ma=2592000,h3-T051=\":443\"; ma=2592000,h3-Q050=\":443\"; ma=2592000,h3-Q046=\":443\"; ma=2592000,h3-Q043=\":443\"; ma=2592000,quic=\":443\"; ma=2592000; v=\"46,43\"","accept-ranges":"none","transfer-encoding":"chunked"}
[debug] [2021-07-04T09:30:56.337Z] >>> [apiv2][query] GET https://firebase.googleapis.com/v1beta1/projects/supitcha-portfolio [none]
[debug] [2021-07-04T09:30:56.956Z] <<< [apiv2][status] GET https://firebase.googleapis.com/v1beta1/projects/supitcha-portfolio 200
[debug] [2021-07-04T09:30:56.956Z] <<< [apiv2][body] GET https://firebase.googleapis.com/v1beta1/projects/supitcha-portfolio {"projectId":"supitcha-portfolio","projectNumber":"542284121868","displayName":"supitcha-portfolio","name":"projects/supitcha-portfolio","resources":{"hostingSite":"supitcha-portfolio"},"state":"ACTIVE"}
[info] 
[info] === Serving from '/Users/Apple/Documents/0/WORK/Repo/supitcha-portfolio/supitcha-portfolio'...
[info] 
[debug] [2021-07-04T09:30:56.958Z] >>> [apiv2][query] GET https://firebasehosting.googleapis.com/v1beta1/projects/supitcha-portfolio/sites 
[debug] [2021-07-04T09:30:58.591Z] <<< [apiv2][status] GET https://firebasehosting.googleapis.com/v1beta1/projects/supitcha-portfolio/sites 200
[debug] [2021-07-04T09:30:58.591Z] <<< [apiv2][body] GET https://firebasehosting.googleapis.com/v1beta1/projects/supitcha-portfolio/sites {"sites":[{"name":"projects/542284121868/sites/supitcha-portfolio","defaultUrl":"https://supitcha-portfolio.web.app","appId":"1:542284121868:web:49a6428c213fa6a3a9eb29","type":"DEFAULT_SITE"}]}
[debug] [2021-07-04T09:30:58.591Z] >>> [apiv2][query] GET https://firebase.googleapis.com/v1beta1/projects/supitcha-portfolio/webApps/1:542284121868:web:49a6428c213fa6a3a9eb29/config [none]
[debug] [2021-07-04T09:30:59.924Z] <<< [apiv2][status] GET https://firebase.googleapis.com/v1beta1/projects/supitcha-portfolio/webApps/1:542284121868:web:49a6428c213fa6a3a9eb29/config 200
[debug] [2021-07-04T09:30:59.929Z] <<< [apiv2][body] GET https://firebase.googleapis.com/v1beta1/projects/supitcha-portfolio/webApps/1:542284121868:web:49a6428c213fa6a3a9eb29/config {"projectId":"supitcha-portfolio","appId":"1:542284121868:web:49a6428c213fa6a3a9eb29","storageBucket":"supitcha-portfolio.appspot.com","apiKey":"AIzaSyDXwI9AvnjLlUQQCKEn9HxJKXcwfJrFi2I","authDomain":"supitcha-portfolio.firebaseapp.com","messagingSenderId":"542284121868","measurementId":"G-WV3MNHP46L"}
[info] i  hosting: Serving hosting files from: public {"metadata":{"emulator":{"name":"hosting"},"message":"Serving hosting files from: \u001b[1mpublic\u001b[22m"}}
[info] ✔  hosting: Local server: http://localhost:5000 {"metadata":{"emulator":{"name":"hosting"},"message":"Local server: \u001b[4m\u001b[1mhttp://localhost:5000\u001b[22m\u001b[24m"}}
[info] i  hosting: 127.0.0.1 - - [04/Jul/2021:09:31:14 +0000] "GET / HTTP/1.1" 200 4689 "-" "Mozilla/5.0 (Macintosh; Intel Mac OS X 10_14_5) AppleWebKit/537.36 (KHTML, like Gecko) Chrome/91.0.4472.114 Safari/537.36" {"metadata":{"emulator":{"name":"hosting"},"message":"127.0.0.1 - - [04/Jul/2021:09:31:14 +0000] \"GET / HTTP/1.1\" 200 4689 \"-\" \"Mozilla/5.0 (Macintosh; Intel Mac OS X 10_14_5) AppleWebKit/537.36 (KHTML, like Gecko) Chrome/91.0.4472.114 Safari/537.36\""}}
[info] i  hosting: 127.0.0.1 - - [04/Jul/2021:09:31:14 +0000] "GET /__/firebase/init.js?useEmulator=true HTTP/1.1" 200 - "http://localhost:5000/" "Mozilla/5.0 (Macintosh; Intel Mac OS X 10_14_5) AppleWebKit/537.36 (KHTML, like Gecko) Chrome/91.0.4472.114 Safari/537.36" {"metadata":{"emulator":{"name":"hosting"},"message":"127.0.0.1 - - [04/Jul/2021:09:31:14 +0000] \"GET /__/firebase/init.js?useEmulator=true HTTP/1.1\" 200 - \"http://localhost:5000/\" \"Mozilla/5.0 (Macintosh; Intel Mac OS X 10_14_5) AppleWebKit/537.36 (KHTML, like Gecko) Chrome/91.0.4472.114 Safari/537.36\""}}
[info] i  hosting: 127.0.0.1 - - [04/Jul/2021:09:31:14 +0000] "GET /favicon.ico HTTP/1.1" 200 4689 "http://localhost:5000/" "Mozilla/5.0 (Macintosh; Intel Mac OS X 10_14_5) AppleWebKit/537.36 (KHTML, like Gecko) Chrome/91.0.4472.114 Safari/537.36" {"metadata":{"emulator":{"name":"hosting"},"message":"127.0.0.1 - - [04/Jul/2021:09:31:14 +0000] \"GET /favicon.ico HTTP/1.1\" 200 4689 \"http://localhost:5000/\" \"Mozilla/5.0 (Macintosh; Intel Mac OS X 10_14_5) AppleWebKit/537.36 (KHTML, like Gecko) Chrome/91.0.4472.114 Safari/537.36\""}}
